[22:41:09] [main/WARN]: Ambiguity between arguments [teleport, destination] and [teleport, targets] with inputs: [Player, 0123, @e, dd12be42-52a9-4a91-a8a1-11c01849e498]
[22:41:09] [main/WARN]: Ambiguity between arguments [teleport, location] and [teleport, destination] with inputs: [0.1 -0.5 .9, 0 0 0]
[22:41:09] [main/WARN]: Ambiguity between arguments [teleport, location] and [teleport, targets] with inputs: [0.1 -0.5 .9, 0 0 0]
[22:41:09] [main/WARN]: Ambiguity between arguments [teleport, targets] and [teleport, destination] with inputs: [Player, 0123, dd12be42-52a9-4a91-a8a1-11c01849e498]
[22:41:09] [main/WARN]: Ambiguity between arguments [teleport, targets, location] and [teleport, targets, destination] with inputs: [0.1 -0.5 .9, 0 0 0]
[22:41:09] [Server thread/INFO]: Starting minecraft server version 1.14.4
[22:41:09] [Server thread/INFO]: Loading properties
[22:41:09] [Server thread/INFO]: Default game type: SURVIVAL
[22:41:09] [Server thread/INFO]: Generating keypair
[22:41:10] [Server thread/INFO]: Starting Minecraft server on *:25565
[22:41:10] [Server thread/INFO]: Using default channel type
[22:41:13] [Server thread/WARN]: **** SERVER IS RUNNING IN OFFLINE/INSECURE MODE!
[22:41:13] [Server thread/WARN]: The server will make no attempt to authenticate usernames. Beware.
[22:41:13] [Server thread/WARN]: While this makes the game possible to play without internet access, it also opens up the ability for hackers to connect with any username they choose.
[22:41:13] [Server thread/WARN]: To change this, set "online-mode" to "true" in the server.properties file.
[22:41:13] [Server thread/INFO]: Preparing level "falopitaworld"
[22:41:13] [Server thread/INFO]: Reloading ResourceManager: Default
[22:41:14] [Server thread/INFO]: Loaded 6 recipes
[22:41:14] [Server thread/INFO]: Loaded 811 advancements
[22:41:15] [Server thread/INFO]: Preparing start region for dimension minecraft:overworld
[22:41:17] [Server thread/INFO]: Preparing spawn area: 0%
[22:41:17] [Server thread/INFO]: Preparing spawn area: 0%
[22:41:17] [Server thread/INFO]: Preparing spawn area: 0%
[22:41:17] [Server thread/INFO]: Preparing spawn area: 0%
[22:41:17] [Server thread/INFO]: Preparing spawn area: 0%
[22:41:18] [Server-Worker-2/INFO]: Preparing spawn area: 0%
[22:41:18] [Server thread/INFO]: Preparing spawn area: 0%
[22:41:18] [Server thread/INFO]: Time elapsed: 3505 ms
[22:41:18] [Server thread/INFO]: Done (5.725s)! For help, type "help"
[22:41:19] [Server thread/INFO]: Unknown command
[22:41:19] [Server thread/INFO]: <--[HERE]
[22:41:19] [Server thread/INFO]: Unknown command
[22:41:19] [Server thread/INFO]: <--[HERE]
[22:41:19] [Server thread/INFO]: Unknown command
[22:41:19] [Server thread/INFO]: <--[HERE]
[22:42:02] [Server thread/INFO]: Unknown command
[22:42:02] [Server thread/INFO]: <--[HERE]
[22:42:04] [Server thread/INFO]: Unknown command
[22:42:04] [Server thread/INFO]: <--[HERE]
[22:42:14] [Server thread/INFO]: Farguito[/127.0.0.1:59165] logged in with entity id 150 at (104.32316017876613, 63.0, 226.42375306087953)
[22:42:14] [Server thread/INFO]: Farguito joined the game
[22:43:01] [Server thread/INFO]: reidiojed[/25.75.75.230:65318] logged in with entity id 384 at (3.9620433903681844, 69.0, 304.25647864248424)
[22:43:01] [Server thread/INFO]: reidiojed joined the game
[22:44:37] [Server thread/INFO]: Sadiko[/25.12.57.153:49606] logged in with entity id 705 at (-22.43434972422478, 68.02100256028658, 32.61235625745918)
[22:44:37] [Server thread/INFO]: Sadiko joined the game
[22:45:45] [Server thread/INFO]: Farguito has made the advancement [Best Friends Forever]
[22:46:20] [Server thread/WARN]: Can't keep up! Is the server overloaded? Running 2075ms or 41 ticks behind
[22:53:12] [Server thread/INFO]: Sadiko has made the advancement [Sweet Dreams]
[22:56:34] [Server thread/INFO]: reidiojed has made the advancement [Fishy Business]
[22:58:42] [Server thread/INFO]: Sadiko has made the advancement [Monster Hunter]
[23:02:28] [Server thread/INFO]: Rusoso[/25.2.195.178:4514] logged in with entity id 3113 at (75.98192333021673, 64.6037636546968, 237.5)
[23:02:28] [Server thread/INFO]: Rusoso joined the game
[23:02:51] [Server thread/INFO]: Rusoso has made the advancement [Acquire Hardware]
[23:03:49] [Server thread/INFO]: Sadiko was slain by Zombie
[23:04:08] [Server thread/INFO]: reidiojed was slain by Zombie
[23:04:31] [Server thread/INFO]: Sadiko was slain by Zombie
[23:04:39] [Server thread/INFO]: Rusoso was blown up by Creeper
[23:05:26] [Server thread/INFO]: Farguito lost connection: Disconnected
[23:05:26] [Server thread/INFO]: Farguito left the game
[23:06:56] [Server thread/INFO]: Farguito[/127.0.0.1:59644] logged in with entity id 3844 at (105.49309885364588, 63.0, 225.99046927812398)
[23:06:56] [Server thread/INFO]: Farguito joined the game
[23:07:03] [Server thread/INFO]: Gave 1 [Fishing Rod] to Farguito
[23:12:39] [Server thread/INFO]: Sadiko has made the advancement [Getting an Upgrade]
[23:12:52] [Server thread/INFO]: Shompi[/25.84.138.198:57632] logged in with entity id 5180 at (113.30786594705461, 72.0, 251.85423267744764)
[23:12:52] [Server thread/INFO]: Shompi joined the game
[23:14:04] [Server thread/INFO]: Shompi lost connection: Disconnected
[23:14:04] [Server thread/INFO]: Shompi left the game
[23:14:10] [Server thread/INFO]: reidiojed lost connection: Disconnected
[23:14:10] [Server thread/INFO]: reidiojed left the game
[23:15:28] [Server thread/INFO]: Rusoso lost connection: Disconnected
[23:15:28] [Server thread/INFO]: Rusoso left the game
[23:15:47] [Server thread/INFO]: Sadiko lost connection: Disconnected
[23:15:47] [Server thread/INFO]: Sadiko left the game
[23:19:11] [Server thread/INFO]: Farguito lost connection: Disconnected
[23:19:11] [Server thread/INFO]: Farguito left the game
[23:19:18] [Server thread/INFO]: Stopping the server
[23:19:18] [Server thread/INFO]: Stopping server
[23:19:18] [Server thread/INFO]: Saving players
[23:19:18] [Server thread/INFO]: Saving worlds
[23:19:18] [Server thread/INFO]: Saving chunks for level 'falopitaworld'/minecraft:the_nether
[23:19:18] [Server thread/INFO]: ThreadedAnvilChunkStorage (DIM-1): All chunks are saved
[23:19:18] [Server thread/INFO]: Saving chunks for level 'falopitaworld'/minecraft:the_end
[23:19:18] [Server thread/INFO]: ThreadedAnvilChunkStorage (DIM1): All chunks are saved
[23:19:18] [Server thread/INFO]: Saving chunks for level 'falopitaworld'/minecraft:overworld
[23:19:18] [Server thread/INFO]: ThreadedAnvilChunkStorage (falopitaworld): All chunks are saved
[23:19:18] [Server thread/INFO]: ThreadedAnvilChunkStorage (DIM-1): All chunks are saved
[23:19:18] [Server thread/INFO]: ThreadedAnvilChunkStorage (DIM1): All chunks are saved
[23:19:18] [Server thread/INFO]: ThreadedAnvilChunkStorage (falopitaworld): All chunks are saved
